<?xml version="1.0" encoding="UTF-8"?>
<testExecutions version="1">
  <file path="/Users/macbook/Documents/workspace/coe/neosoft-technologies/rest-node-nestjs/test/unit/logger.spec.ts">
    <testCase name="Testing logger Testing log method from AppLogger class" duration="11"/>
    <testCase name="Testing logger Testing error method from AppLogger class" duration="2"/>
  </file>
  <file path="/Users/macbook/Documents/workspace/coe/neosoft-technologies/rest-node-nestjs/test/e2e/cache.e2e-spec.ts">
    <testCase name="Testing redis cache manager Cache middleware should be defined" duration="1"/>
  </file>
  <file path="/Users/macbook/Documents/workspace/coe/neosoft-technologies/rest-node-nestjs/test/e2e/app.e2e-spec.ts">
    <testCase name="AppController (e2e) Should return an hello world string along with status" duration="160"/>
  </file>
  <file path="/Users/macbook/Documents/workspace/coe/neosoft-technologies/rest-node-nestjs/test/unit/compression.spec.ts">
    <testCase name="Testing compression middleware checking content-encoding of response" duration="116"/>
    <testCase name="Testing compression middleware should respond with gzip when &quot;Accept-Encoding: gzip,deflate&quot;" duration="6"/>
    <testCase name="Testing compression middleware should respond with deflate when &quot;Accept-Encoding: deflate&quot;" duration="8"/>
    <testCase name="Testing compression middleware should skip unknown accept-encoding" duration="19"/>
    <testCase name="Testing compression middleware should compress responses above the threshold size" duration="7"/>
  </file>
  <file path="/Users/macbook/Documents/workspace/coe/neosoft-technologies/rest-node-nestjs/test/unit/crypto.spec.ts">
    <testCase name="Testing Encryption-Decryption Testing for text" duration="25"/>
    <testCase name="Testing Encryption-Decryption Testing for array" duration="8"/>
    <testCase name="Testing Encryption-Decryption Testing for object" duration="14"/>
  </file>
  <file path="/Users/macbook/Documents/workspace/coe/neosoft-technologies/rest-node-nestjs/test/e2e/core.e2e-spec.ts">
    <testCase name="Core module (e2e) TestCases Testing Request binder" duration="1"/>
    <testCase name="Core module (e2e) TestCases Testing Response binder" duration="0"/>
    <testCase name="Core module (e2e) TestCases Checking Response binder for valid GET request" duration="79"/>
    <testCase name="Core module (e2e) TestCases Checking Response binder for invalid GET request" duration="5"/>
    <testCase name="Core module (e2e) TestCases Checking Applogger" duration="26"/>
  </file>
  <file path="/Users/macbook/Documents/workspace/coe/neosoft-technologies/rest-node-nestjs/test/e2e/rate-limiting.e2e-spec.ts">
    <testCase name="Testing api rate limit Throttle should be defined" duration="2"/>
    <testCase name="Testing api rate limit Checking limited response message" duration="112"/>
  </file>
  <file path="/Users/macbook/Documents/workspace/coe/neosoft-technologies/rest-node-nestjs/test/e2e/user.e2e.spec.ts">
    <testCase name="AppController (e2e) Should return 201 created status along with success message" duration="192"/>
    <testCase name="AppController (e2e) Should return users array along with 200 status code" duration="30"/>
    <testCase name="AppController (e2e) Should return user of specified id along with 200 status code" duration="17"/>
    <testCase name="AppController (e2e) Should update user of specified id and return 200 status code" duration="13"/>
    <testCase name="AppController (e2e) Should delete user of specified id and return 200 status code" duration="10">
      <failure message="EntityNotFoundError: Could not find any entity of type &quot;User&quot; matching: &quot;1&quot;"><![CDATA[EntityNotFoundError: Could not find any entity of type "User" matching: "1"
    at EntityNotFoundError.TypeORMError [as constructor] (/Users/macbook/Documents/workspace/coe/neosoft-technologies/rest-node-nestjs/src/error/TypeORMError.ts:7:9)
    at new EntityNotFoundError (/Users/macbook/Documents/workspace/coe/neosoft-technologies/rest-node-nestjs/src/error/EntityNotFoundError.ts:10:9)
    at /Users/macbook/Documents/workspace/coe/neosoft-technologies/rest-node-nestjs/src/entity-manager/EntityManager.ts:833:39
    at processTicksAndRejections (internal/process/task_queues.js:93:5)
    at UserDbRepository.deleteUser (/Users/macbook/Documents/workspace/coe/neosoft-technologies/rest-node-nestjs/src/components/users/repository/db/user.repository.ts:32:5)]]></failure>
    </testCase>
  </file>
  <file path="/Users/macbook/Documents/workspace/coe/neosoft-technologies/rest-node-nestjs/test/unit/users.service.spec.ts">
    <testCase name="UsersService When findAll method of users service is called Then usersService should be defined" duration="1"/>
    <testCase name="UsersService When findAll method of users service is called Then findAll method of users service should be defined" duration="0"/>
    <testCase name="UsersService When findAll method of users service is called Then findAll method of users service should return users array" duration="1"/>
    <testCase name="UsersService When findOne method of users service is called Then findOne method of users service should be called with an id" duration="1"/>
    <testCase name="UsersService When findOne method of users service is called Then findOne method of users service should return a user" duration="0"/>
    <testCase name="UsersService When save method of users service is called Then save method of users service should be called with a createUserDTO" duration="0"/>
    <testCase name="UsersService When update method of users service is called Then update method of users service should be called with a updateUserDTO" duration="0"/>
    <testCase name="UsersService When remove method of users service is called Then remove method of users service should be called with a updateUserDTO" duration="0"/>
  </file>
</testExecutions>